Determining if the pthread_create exist failed with the following output:
Change Dir: /home/exyos/Travail/M1/PDP/amstradcpc-pdp/src/Amstrad-Learning-Environment/src/build/CMakeFiles/CMakeTmp

Run Build Command:"/usr/bin/make" "cmTC_f0bf8/fast"
/usr/bin/make -f CMakeFiles/cmTC_f0bf8.dir/build.make CMakeFiles/cmTC_f0bf8.dir/build
make[1] : on entre dans le répertoire « /home/exyos/Travail/M1/PDP/amstradcpc-pdp/src/Amstrad-Learning-Environment/src/build/CMakeFiles/CMakeTmp »
Building C object CMakeFiles/cmTC_f0bf8.dir/CheckSymbolExists.c.o
/usr/bin/cc    -o CMakeFiles/cmTC_f0bf8.dir/CheckSymbolExists.c.o   -c /home/exyos/Travail/M1/PDP/amstradcpc-pdp/src/Amstrad-Learning-Environment/src/build/CMakeFiles/CMakeTmp/CheckSymbolExists.c
Linking C executable cmTC_f0bf8
/usr/bin/cmake -E cmake_link_script CMakeFiles/cmTC_f0bf8.dir/link.txt --verbose=1
/usr/bin/cc      -rdynamic CMakeFiles/cmTC_f0bf8.dir/CheckSymbolExists.c.o  -o cmTC_f0bf8 
CMakeFiles/cmTC_f0bf8.dir/CheckSymbolExists.c.o : Dans la fonction « main » :
CheckSymbolExists.c:(.text+0x1b) : référence indéfinie vers « pthread_create »
collect2: error: ld returned 1 exit status
CMakeFiles/cmTC_f0bf8.dir/build.make:97: recipe for target 'cmTC_f0bf8' failed
make[1]: *** [cmTC_f0bf8] Error 1
make[1] : on quitte le répertoire « /home/exyos/Travail/M1/PDP/amstradcpc-pdp/src/Amstrad-Learning-Environment/src/build/CMakeFiles/CMakeTmp »
Makefile:126: recipe for target 'cmTC_f0bf8/fast' failed
make: *** [cmTC_f0bf8/fast] Error 2

File /home/exyos/Travail/M1/PDP/amstradcpc-pdp/src/Amstrad-Learning-Environment/src/build/CMakeFiles/CMakeTmp/CheckSymbolExists.c:
/* */
#include <pthread.h>

int main(int argc, char** argv)
{
  (void)argv;
#ifndef pthread_create
  return ((int*)(&pthread_create))[argc];
#else
  (void)argc;
  return 0;
#endif
}

Determining if the function pthread_create exists in the pthreads failed with the following output:
Change Dir: /home/exyos/Travail/M1/PDP/amstradcpc-pdp/src/Amstrad-Learning-Environment/src/build/CMakeFiles/CMakeTmp

Run Build Command:"/usr/bin/make" "cmTC_49ba5/fast"
/usr/bin/make -f CMakeFiles/cmTC_49ba5.dir/build.make CMakeFiles/cmTC_49ba5.dir/build
make[1] : on entre dans le répertoire « /home/exyos/Travail/M1/PDP/amstradcpc-pdp/src/Amstrad-Learning-Environment/src/build/CMakeFiles/CMakeTmp »
Building C object CMakeFiles/cmTC_49ba5.dir/CheckFunctionExists.c.o
/usr/bin/cc   -DCHECK_FUNCTION_EXISTS=pthread_create   -o CMakeFiles/cmTC_49ba5.dir/CheckFunctionExists.c.o   -c /usr/share/cmake-3.10/Modules/CheckFunctionExists.c
Linking C executable cmTC_49ba5
/usr/bin/cmake -E cmake_link_script CMakeFiles/cmTC_49ba5.dir/link.txt --verbose=1
/usr/bin/cc  -DCHECK_FUNCTION_EXISTS=pthread_create    -rdynamic CMakeFiles/cmTC_49ba5.dir/CheckFunctionExists.c.o  -o cmTC_49ba5 -lpthreads 
/usr/bin/ld : ne peut trouver -lpthreads
collect2: error: ld returned 1 exit status
CMakeFiles/cmTC_49ba5.dir/build.make:97: recipe for target 'cmTC_49ba5' failed
make[1]: *** [cmTC_49ba5] Error 1
make[1] : on quitte le répertoire « /home/exyos/Travail/M1/PDP/amstradcpc-pdp/src/Amstrad-Learning-Environment/src/build/CMakeFiles/CMakeTmp »
Makefile:126: recipe for target 'cmTC_49ba5/fast' failed
make: *** [cmTC_49ba5/fast] Error 2


